{"total": {"lines":{"total":78,"covered":70,"skipped":0,"pct":89.74},"statements":{"total":105,"covered":93,"skipped":0,"pct":88.57},"functions":{"total":42,"covered":32,"skipped":0,"pct":76.19},"branches":{"total":40,"covered":31,"skipped":0,"pct":77.5},"branchesTrue":{"total":0,"covered":0,"skipped":0,"pct":100}}
,"C:\\Forza\\ProyectoIA-Forza\\PeoplePortal-FrontEnd-RRHH\\src\\keycloak.js": {"lines":{"total":1,"covered":1,"skipped":0,"pct":100},"functions":{"total":0,"covered":0,"skipped":0,"pct":100},"statements":{"total":1,"covered":1,"skipped":0,"pct":100},"branches":{"total":2,"covered":2,"skipped":0,"pct":100}}
,"C:\\Forza\\ProyectoIA-Forza\\PeoplePortal-FrontEnd-RRHH\\src\\api\\announcements.js": {"lines":{"total":2,"covered":2,"skipped":0,"pct":100},"functions":{"total":2,"covered":2,"skipped":0,"pct":100},"statements":{"total":4,"covered":4,"skipped":0,"pct":100},"branches":{"total":0,"covered":0,"skipped":0,"pct":100}}
,"C:\\Forza\\ProyectoIA-Forza\\PeoplePortal-FrontEnd-RRHH\\src\\api\\benefits.js": {"lines":{"total":4,"covered":4,"skipped":0,"pct":100},"functions":{"total":4,"covered":4,"skipped":0,"pct":100},"statements":{"total":8,"covered":8,"skipped":0,"pct":100},"branches":{"total":0,"covered":0,"skipped":0,"pct":100}}
,"C:\\Forza\\ProyectoIA-Forza\\PeoplePortal-FrontEnd-RRHH\\src\\api\\client.js": {"lines":{"total":6,"covered":6,"skipped":0,"pct":100},"functions":{"total":1,"covered":1,"skipped":0,"pct":100},"statements":{"total":6,"covered":6,"skipped":0,"pct":100},"branches":{"total":4,"covered":4,"skipped":0,"pct":100}}
,"C:\\Forza\\ProyectoIA-Forza\\PeoplePortal-FrontEnd-RRHH\\src\\api\\dashboard.js": {"lines":{"total":1,"covered":1,"skipped":0,"pct":100},"functions":{"total":1,"covered":1,"skipped":0,"pct":100},"statements":{"total":2,"covered":2,"skipped":0,"pct":100},"branches":{"total":0,"covered":0,"skipped":0,"pct":100}}
,"C:\\Forza\\ProyectoIA-Forza\\PeoplePortal-FrontEnd-RRHH\\src\\api\\employees.js": {"lines":{"total":4,"covered":4,"skipped":0,"pct":100},"functions":{"total":4,"covered":4,"skipped":0,"pct":100},"statements":{"total":8,"covered":8,"skipped":0,"pct":100},"branches":{"total":0,"covered":0,"skipped":0,"pct":100}}
,"C:\\Forza\\ProyectoIA-Forza\\PeoplePortal-FrontEnd-RRHH\\src\\api\\hrDocuments.js": {"lines":{"total":3,"covered":3,"skipped":0,"pct":100},"functions":{"total":3,"covered":3,"skipped":0,"pct":100},"statements":{"total":6,"covered":6,"skipped":0,"pct":100},"branches":{"total":0,"covered":0,"skipped":0,"pct":100}}
,"C:\\Forza\\ProyectoIA-Forza\\PeoplePortal-FrontEnd-RRHH\\src\\api\\hrRequests.js": {"lines":{"total":2,"covered":2,"skipped":0,"pct":100},"functions":{"total":2,"covered":2,"skipped":0,"pct":100},"statements":{"total":4,"covered":4,"skipped":0,"pct":100},"branches":{"total":0,"covered":0,"skipped":0,"pct":100}}
,"C:\\Forza\\ProyectoIA-Forza\\PeoplePortal-FrontEnd-RRHH\\src\\api\\reports.js": {"lines":{"total":5,"covered":5,"skipped":0,"pct":100},"functions":{"total":5,"covered":5,"skipped":0,"pct":100},"statements":{"total":10,"covered":10,"skipped":0,"pct":100},"branches":{"total":0,"covered":0,"skipped":0,"pct":100}}
,"C:\\Forza\\ProyectoIA-Forza\\PeoplePortal-FrontEnd-RRHH\\src\\components\\Layout.jsx": {"lines":{"total":22,"covered":19,"skipped":0,"pct":86.36},"functions":{"total":8,"covered":3,"skipped":0,"pct":37.5},"statements":{"total":26,"covered":19,"skipped":0,"pct":73.07},"branches":{"total":13,"covered":7,"skipped":0,"pct":53.84}}
,"C:\\Forza\\ProyectoIA-Forza\\PeoplePortal-FrontEnd-RRHH\\src\\components\\ProtectedRoute.jsx": {"lines":{"total":10,"covered":10,"skipped":0,"pct":100},"functions":{"total":2,"covered":2,"skipped":0,"pct":100},"statements":{"total":12,"covered":12,"skipped":0,"pct":100},"branches":{"total":8,"covered":7,"skipped":0,"pct":87.5}}
,"C:\\Forza\\ProyectoIA-Forza\\PeoplePortal-FrontEnd-RRHH\\src\\pages\\Dashboard\\Dashboard.jsx": {"lines":{"total":18,"covered":13,"skipped":0,"pct":72.22},"functions":{"total":10,"covered":5,"skipped":0,"pct":50},"statements":{"total":18,"covered":13,"skipped":0,"pct":72.22},"branches":{"total":13,"covered":11,"skipped":0,"pct":84.61}}
}
